600 30
50
[-0.499992,-0.184231,0.0639013] [-0.00413499,0.00327672,-0.0281041]
[-0.452955,0.0894324,0.0448241] [0.0434693,-0.0116498,0.00194164]
[0.330965,-0.232714,-0.111635] [0.00297002,0.0171149,-0.0492302]
[-0.116584,-0.216579,-0.0206285] [0.0186773,0.00889766,0.0430436]
[0.346167,0.0134644,-0.102009] [0.0153919,-0.00840006,0.0201191]
[0.410321,0.131099,-0.0593868] [-0.0452535,0.0236082,-0.0171766]
[0.132639,0.128205,0.122759] [-0.0134661,-0.0252961,0.048255]
[0.22266,0.126678,0.0378796] [-0.0427314,0.0131635,0.0384707]
[-0.22729,-0.0317943,0.0666237] [-0.00222682,-0.0262226,-0.0225093]
[-0.140735,-0.166746,-0.00337065] [0.0397656,0.0409208,-0.0439436]
[0.404653,0.00226145,0.00407299] [-0.0180967,0.0486642,-0.000602332]
[-0.233855,-0.204634,0.111941] [-0.0426251,7.07095e-05,-0.0115858]
[-0.222918,0.206909,0.00743685] [-0.00355542,0.044098,-0.0449916]
[0.261514,0.135102,0.0819543] [-0.0374635,-0.0484132,0.0188455]
[0.368247,0.0647717,0.0590561] [0.0225412,0.0499458,0.0388572]
[-0.266805,-0.0968391,-0.0372462] [0.00132737,0.00911136,0.0345982]
[-0.0879192,0.170755,-0.0576707] [-0.00846054,0.0037304,-0.00320826]
[-0.212788,-0.160836,-0.08657] [0.00716548,0.0302406,-0.0466946]
[0.0344498,-0.00075994,0.11384] [0.0248293,0.00545838,0.0390737]
[0.124849,0.17102,-0.0850581] [-0.0287248,0.021471,-0.0369573]
[-0.40901,-0.112706,-0.12425] [-0.00857067,-0.0473124,0.020982]
[0.437897,-0.130045,-0.079776] [-0.018246,0.0386991,0.0152059]
[-0.349665,0.0906731,-0.0285463] [-0.0112275,-2.58968e-05,-0.0352467]
[0.0871866,0.172788,0.0225272] [0.0455409,0.00561461,-0.0351848]
[0.483305,-0.0456167,-0.0895451] [0.00648987,-0.0247874,-0.00114855]
[-0.0359695,0.230548,-0.0934923] [-0.0300243,-0.018075,0.0129269]
[-0.373288,0.0756269,0.0304085] [0.0303073,-0.0252158,-0.00235682]
[-0.110686,-0.148375,-0.117906] [0.0401673,-0.00735026,-0.0357979]
[0.447487,-0.0448435,-0.0922029] [0.0385648,-0.0407826,-0.0337801]
[-0.428936,-0.0673305,-0.0617357] [-0.0364891,0.0283153,-0.00446927]
[-0.150476,-0.0238499,0.0772361] [0.0431674,0.0151646,-0.0284752]
[0.179592,0.204461,-0.0624686] [0.036086,-0.00287377,0.000595588]
[0.100394,0.158781,0.0639609] [-0.0037755,0.0451367,0.0132739]
[-0.0606697,0.162349,0.0472452] [0.0202207,0.0487145,0.0454415]
[0.35127,-0.105342,0.00935644] [0.00144347,-0.0396566,-0.00859715]
[0.0767166,0.188283,-0.0149903] [0.0229748,0.0369264,0.0215642]
[0.30072,0.103268,0.060429] [-0.0480908,0.0386031,0.00249874]
[-0.0366773,-0.217403,0.0533556] [-0.00110568,0.0167679,0.0182049]
[-0.300445,0.208317,0.0914707] [0.0390019,0.00439483,-0.0360805]
[-0.0496526,0.244681,-0.071117] [-0.00539766,-0.0184268,0.00146595]
[0.381504,-0.0301372,-0.00811705] [0.030665,-0.0134842,-0.0288481]
[0.499117,-0.173198,0.0326221] [0.011635,-0.0499405,-0.0499121]
[0.273352,0.113667,-0.0452056] [-0.00822763,0.0182494,0.0180562]
[-0.294738,0.16821,0.0522302] [0.0328708,-0.0405451,-0.0418262]
[0.264005,0.0647859,-0.071537] [-0.0286453,-0.0418939,-0.0111177]
[0.45216,0.223773,-0.0275366] [-0.0230785,0.0192169,-0.0215965]
[0.276866,0.141933,-0.019385] [-0.0217844,-0.0306033,-0.0488684]
[-0.308176,0.241618,-0.0639864] [0.0319726,-0.0363545,-0.0101856]
[0.10101,-0.16156,0.0820887] [-0.0342269,0.0487937,-0.0242831]
[-0.266401,-0.199181,-0.0701473] [0.0134717,0.0196007,0.029477]
0
50
[-0.5,-0.184106,0.0629619] [0.0026602,0.00373667,-0.0281809]
[-0.451647,0.0890564,0.0449322] [0.0392342,-0.0112796,0.00324274]
[0.331018,-0.232172,-0.113286] [0.001589,0.0162472,-0.0495256]
[-0.115831,-0.216529,-0.0192517] [0.0225949,0.00150822,0.041304]
[0.346604,0.0131596,-0.101547] [0.0131055,-0.00914304,0.0138732]
[0.408926,0.131958,-0.0600522] [-0.0418611,0.0257833,-0.019963]
[0.1322,0.127279,0.12463] [-0.013162,-0.0277781,0.0561161]
[0.220944,0.127053,0.0391187] [-0.0514835,0.0112368,0.0371745]
[-0.227459,-0.0326396,0.0658908] [-0.00506183,-0.0253601,-0.0219869]
[-0.139467,-0.165137,-0.00469245] [0.038038,0.0482823,-0.0396541]
[0.40438,0.00422322,0.00427987] [-0.00820393,0.0588532,0.0062063]
[-0.235291,-0.204657,0.111623] [-0.0430851,-0.000687119,-0.00955259]
[-0.222889,0.208374,0.00589988] [0.000858086,0.0439506,-0.046109]
[0.260233,0.133713,0.0830306] [-0.0384205,-0.0416662,0.0322886]
[0.369142,0.0664163,0.0605501] [0.0268422,0.0493392,0.0448204]
[-0.266775,-0.0964105,-0.0360519] [0.000904303,0.0128595,0.035829]
[-0.0883191,0.170683,-0.0577606] [-0.0119968,-0.00216137,-0.00269712]
[-0.212474,-0.159759,-0.0882496] [0.00943123,0.0323159,-0.0503872]
[0.035266,-0.000585882,0.115123] [0.0244846,0.00522174,0.0384827]
[0.123793,0.171633,-0.0865538] [-0.0316651,0.0183794,-0.0448725]
[-0.409268,-0.114332,-0.123662] [-0.00772852,-0.0487714,0.0176457]
[0.437268,-0.128966,-0.0793248] [-0.0188806,0.0323799,0.0135354]
[-0.349921,0.0906475,-0.029943] [-0.00767864,-0.000768598,-0.0419008]
[0.0886455,0.172908,0.0214508] [0.0437684,0.00359104,-0.0322919]
[0.484306,-0.0464033,-0.0896242] [0.0300352,-0.0235976,-0.00237334]
[-0.0365029,0.229579,-0.0938682] [-0.0160024,-0.029084,-0.0112772]
[-0.372254,0.0746719,0.0304737] [0.0310103,-0.0286495,0.00195749]
[-0.109245,-0.148555,-0.119207] [0.0432448,-0.0053975,-0.0390151]
[0.448236,-0.046133,-0.093518] [0.022457,-0.038684,-0.0394521]
[-0.43018,-0.0663314,-0.0618071] [-0.0373312,0.0299721,-0.00214137]
[-0.148903,-0.0233031,0.0763035] [0.0471789,0.0164031,-0.0279793]
[0.180922,0.204572,-0.0625293] [0.039902,0.00331537,-0.00182056]
[0.100279,0.160187,0.0647868] [-0.0034488,0.042172,0.024778]
[-0.0600272,0.163905,0.0488361] [0.0192762,0.0466867,0.0477275]
[0.351154,-0.106826,0.00917267] [-0.00346877,-0.0445086,-0.00551312]
[0.0772746,0.189713,-0.0146889] [0.0167413,0.0429001,0.00904115]
[0.299311,0.104401,0.0606374] [-0.0422641,0.033989,0.00625109]
[-0.0366499,-0.21685,0.0540143] [0.000820959,0.0165987,0.0197605]
[-0.299162,0.208652,0.0905207] [0.0384803,0.0100383,-0.0284994]
[-0.0502483,0.244646,-0.0704057] [-0.0178703,-0.00105731,0.0213384]
[0.382229,-0.0309327,-0.00911797] [0.0217488,-0.0238655,-0.0300275]
[0.499535,-0.174909,0.0310252] [0.0125464,-0.0513339,-0.0479082]
[0.273032,0.114064,-0.0450015] [-0.00960018,0.011917,0.00612177]
[-0.293591,0.166671,0.05076] [0.0344217,-0.0461554,-0.0441066]
[0.262883,0.0630801,-0.0721498] [-0.0336578,-0.0511739,-0.0183836]
[0.45144,0.224501,-0.0282427] [-0.0215954,0.021844,-0.0211831]
[0.276236,0.141454,-0.0207879] [-0.0188932,-0.0143723,-0.042087]
[-0.307128,0.240457,-0.0644135] [0.0314458,-0.0348332,-0.0128133]
[0.0998553,-0.159916,0.0812661] [-0.0346417,0.0493165,-0.0246778]
[-0.26612,-0.198692,-0.0691598] [0.00844394,0.0146652,0.0296262]
0
50
[-0.499863,-0.183967,0.0620205] [0.00411097,0.00418852,-0.0282432]
[-0.45048,0.0886939,0.0450849] [0.0350109,-0.0108769,0.00458175]
[0.331025,-0.23166,-0.114947] [0.00021193,0.0153721,-0.0498411]
[-0.114956,-0.216724,-0.0179231] [0.0262539,-0.00584793,0.0398587]
[0.346965,0.0128325,-0.101289] [0.010843,-0.00981405,0.00773877]
[0.407641,0.132889,-0.0608109] [-0.0385249,0.0279276,-0.0227595]
[0.131765,0.126272,0.125] [-0.0130715,-0.0302252,-0.063714]
[0.218946,0.12737,0.0403084] [-0.0599453,0.00952589,0.0356891]
[-0.227714,-0.0334557,0.0651783] [-0.00766291,-0.0244825,-0.0213743]
[-0.138254,-0.16328,-0.00588431] [0.0363874,0.055686,-0.0357556]
[0.404389,0.00649829,0.004702] [0.000277997,0.0682519,0.0126641]
[-0.236742,-0.204705,0.111371] [-0.0435248,-0.00144491,-0.0075522]
[-0.222716,0.209837,0.00432818] [0.0051916,0.0439003,-0.0471512]
[0.258911,0.132535,0.0845596] [-0.0396839,-0.0353442,0.0458703]
[0.370178,0.0680452,0.0622422] [0.0310802,0.0488645,0.0507633]
[-0.266757,-0.0958619,-0.0348191] [0.000539756,0.0164563,0.036984]
[-0.0888351,0.170413,-0.057831] [-0.0154809,-0.00810697,-0.002111]
[-0.212089,-0.158614,-0.0900564] [0.0115431,0.0343438,-0.0542061]
[0.0360696,-0.000419341,0.116386] [0.0241087,0.00499623,0.0379062]
[0.122646,0.172151,-0.0883103] [-0.0344253,0.0155565,-0.0526928]
[-0.409497,-0.116006,-0.123179] [-0.00688452,-0.0502394,0.014486]
[0.436612,-0.128101,-0.0789254] [-0.0196546,0.0259438,0.0119815]
[-0.350068,0.0905987,-0.0315567] [-0.00439876,-0.00146463,-0.0484115]
[0.0900845,0.172913,0.0204785] [0.0431692,0.000167703,-0.0291701]
[0.486076,-0.0471397,-0.0897221] [0.0530906,-0.0220927,-0.00293807]
[-0.0366203,0.228271,-0.0949929] [-0.00352227,-0.0392334,-0.0337396]
[-0.37119,0.0736023,0.0306782] [0.0319359,-0.0320894,0.00613492]
[-0.107702,-0.148674,-0.120612] [0.0462621,-0.00356353,-0.0421704]
[0.448464,-0.047356,-0.095042] [0.00684842,-0.0366922,-0.0457197]
[-0.431453,-0.0652778,-0.0618079] [-0.0381694,0.0316079,-2.45151e-05]

0
50
[-0.499678,-0.183812,0.0610775] [0.00555691,0.00463209,-0.0282911]
[-0.449453,0.088346,0.0452831] [0.0308264,-0.0104369,0.00594499]
[0.330986,-0.231177,-0.11662] [-0.00116012,0.0144908,-0.0501766]
[-0.11397,-0.217157,-0.0166327] [0.0295712,-0.012998,0.0387104]
[0.347253,0.0124856,-0.10123] [0.00862241,-0.0104068,0.00174543]
[0.406466,0.13389,-0.0616629] [-0.0352621,0.0300272,-0.0255591]
[0.131328,0.125179,0.12314] [-0.0131076,-0.0327804,-0.0557936]
[0.216682,0.127636,0.0414434] [-0.0679151,0.00796262,0.03405]
[-0.228048,-0.0342467,0.064493] [-0.0100206,-0.0237308,-0.0205611]
[-0.137091,-0.161182,-0.00696015] [0.0348817,0.0629495,-0.0322751]
[0.404636,0.00904563,0.00532093] [0.00742725,0.0764202,0.0185678]
[-0.238207,-0.204778,0.111185] [-0.0439423,-0.00220155,-0.00558737]
[-0.222391,0.211298,0.00271772] [0.00976665,0.0438216,-0.0483138]
[0.257538,0.131549,0.0865395] [-0.0411688,-0.0295679,0.0593984]
[0.371349,0.0696612,0.0641247] [0.0351356,0.0484826,0.0564756]
[-0.266749,-0.0951995,-0.0335511] [0.00024541,0.019873,0.0380389]
[-0.0894634,0.169945,-0.0578803] [-0.0188479,-0.014029,-0.00148092]
[-0.21164,-0.157404,-0.0919932] [0.0134569,0.0362937,-0.0581021]
[0.0368596,-0.000260146,0.11763] [0.0236996,0.00477586,0.0373192]
[0.121414,0.172584,-0.0903234] [-0.0369655,0.0129739,-0.0603927]
[-0.409699,-0.117729,-0.122795] [-0.00604934,-0.0516914,0.0115119]
[0.435917,-0.127447,-0.0785708] [-0.0208717,0.019612,0.0106381]
[-0.350114,0.0905277,-0.0333803] [-0.00140388,-0.0021291,-0.0547083]
[0.0915304,0.172769,0.0196029] [0.0433754,-0.00431823,-0.0262678]
[0.488552,-0.0478176,-0.0898233] [0.0742976,-0.0203382,-0.00303345]
[-0.036402,0.226691,-0.0967505] [0.00655029,-0.0474019,-0.0527297]
[-0.370087,0.0724187,0.0310157] [0.0330753,-0.0355068,0.0101235]
[-0.106062,-0.148735,-0.12212] [0.0492116,-0.00184993,-0.0452457]
[0.448232,-0.048516,-0.0967879] [-0.00695626,-0.0347978,-0.0523774]
[-0.432753,-0.0641712,-0.0617455] [-0.0389972,0.0331982,0.00187172]
[-0.145387,-0.0220854,0.0744798] [0.0545219,0.018885,-0.0271661]
[0.183922,0.205381,-0.0629029] [0.0465965,0.015002,-0.00689828]
[0.100009,0.162791,0.0675659] [-0.00445681,0.038284,0.0471667]
[-0.0588418,0.166825,0.0522423] [0.0172695,0.0428721,0.0521955]
[0.350444,-0.110249,0.00911595] [-0.0130218,-0.0535537,0.000708506]
[0.0777296,0.193258,-0.0153102] [0.00346596,0.0567702,-0.0152362]
[0.297139,0.10621,0.0613635] [-0.0292302,0.0249211,0.0122967]
[-0.0364053,-0.215761,0.0554911] [0.00460991,0.0162309,0.0229585]
[-0.296639,0.209843,0.0893218] [0.0376738,0.0203496,-0.0146352]
[-0.0524461,0.246151,-0.0672815] [-0.0371957,0.0297495,0.054234]
[0.382954,-0.0334304,-0.0111968] [0.00754373,-0.0414732,-0.031479]
[0.5,-0.178472,0.0280278] [-0.0143482,-0.0541438,-0.0439894]
[0.272241,0.113982,-0.0459054] [-0.0126414,-0.0060234,-0.0202062]
[-0.291136,0.16306,0.0476446] [0.037644,-0.0567572,-0.0474669]
[0.260145,0.0588125,-0.0740368] [-0.0435233,-0.0681202,-0.0314444]
[0.450148,0.226219,-0.0296138] [-0.0186429,0.0270658,-0.0203616]
[0.275255,0.142245,-0.022789] [-0.0133726,0.0207544,-0.0258613]
[-0.305093,0.238286,-0.065537] [0.030203,-0.0318001,-0.0182127]
[0.0975059,-0.156577,0.079581] [-0.0354358,0.0503311,-0.0254779]
[-0.266025,-0.198189,-0.0671527] [-0.000821974,0.00523648,0.0303012]
0
50
[-0.499444,-0.183644,0.0601333] [0.00699821,0.00506731,-0.0283249]
[-0.448562,0.0880141,0.045527] [0.026708,-0.00995567,0.00731847]
[0.330902,-0.230724,-0.118304] [-0.0025368,0.0136046,-0.0505334]
[-0.112887,-0.217817,-0.0153718] [0.0324912,-0.0197954,0.0378266]
[0.347468,0.0121218,-0.101366] [0.00646036,-0.0109145,-0.00407798]
[0.405396,0.134959,-0.062608] [-0.032088,0.0320691,-0.0283554]
[0.130888,0.12399,0.121545] [-0.0131826,-0.0356688,-0.047855]
[0.214176,0.127851,0.0425207] [-0.0751895,0.00647917,0.0323205]
[-0.228457,-0.0350168,0.0638276] [-0.0122588,-0.0231012,-0.0199617]
[-0.135973,-0.158852,-0.00793349] [0.0335622,0.0699128,-0.0292004]
[0.405074,0.0118213,0.0061103] [0.0131344,0.0832693,0.023681]
[-0.239685,-0.204877,0.111063] [-0.0443356,-0.0029557,-0.00366072]
[-0.221917,0.212759,0.00107248] [0.0141991,0.0438139,-0.049357]
[0.256113,0.130735,0.0889636] [-0.0427476,-0.0244228,0.0727231]
[0.372652,0.0712685,0.0661958] [0.0390933,0.0482179,0.0621317]
[-0.266748,-0.09443,-0.0322522] [3.00576e-05,0.0230838,0.0389691]
[-0.0901979,0.169283,-0.0579082] [-0.022034,-0.0198496,-0.000835982]
[-0.211136,-0.156133,-0.0940607] [0.0151426,0.0381413,-0.0620243]
[0.0376347,-0.000108366,0.118856] [0.0232553,0.00455339,0.0367673]
[0.120105,0.172937,-0.0925872] [-0.0392631,0.0105998,-0.0679145]
[-0.409873,-0.1195,-0.122504] [-0.00523064,-0.0531054,0.00872692]
[0.435177,-0.127004,-0.0782568] [-0.0221848,0.0133088,0.00942211]
[-0.350071,0.0904352,-0.0354048] [0.00130156,-0.00277511,-0.0607351]
[0.0930012,0.172451,0.0188051] [0.0441254,-0.00955661,-0.0239338]
[0.491638,-0.0484316,-0.0899157] [0.0925726,-0.0184185,-0.00277226]
[-0.0359269,0.224911,-0.0990167] [0.014253,-0.0533825,-0.0679844]
[-0.36894,0.0711229,0.0314785] [0.0344083,-0.0388745,0.0138847]
[-0.104329,-0.148743,-0.123715] [0.051985,-0.000240488,-0.0478473]
[0.447623,-0.049614,-0.0987599] [-0.0182549,-0.0329424,-0.0591599]
[-0.43408,-0.0630138,-0.0616274] [-0.0398075,0.0347218,0.00354427]
[-0.143459,-0.0214153,0.0735851] [0.0578354,0.0201008,-0.0268422]
[0.18557,0.206065,-0.0632216] [0.0494295,0.0205412,-0.00955978]
[0.0998083,0.164048,0.0694781] [-0.0060308,0.0377059,0.0573667]
[-0.0583012,0.168196,0.0540543] [0.016218,0.0411051,0.0543587]
[0.349855,-0.112174,0.00924389] [-0.0176527,-0.057753,0.0038383]
[0.0776228,0.195398,-0.0161758] [-0.00320255,0.0642086,-0.0259679]
[0.29639,0.106903,0.0618506] [-0.0224901,0.0207618,0.0146135]
[-0.0361901,-0.215227,0.0563108] [0.00645643,0.0160409,0.024592]
[-0.295393,0.210673,0.0890408] [0.037382,0.0249025,-0.00842992]
[-0.0538908,0.247541,-0.0651035] [-0.0433414,0.041721,0.06534]
[0.383021,-0.0350333,-0.0122477] [0.00200985,-0.0480872,-0.0315279]
[0.499555,-0.180324,0.0266252] [-0.0133641,-0.0555511,-0.0420787]
[0.27177,0.113456,-0.0470004] [-0.0141299,-0.0157925,-0.032849]
[-0.289824,0.161006,0.0460269] [0.0393516,-0.0616156,-0.0485308]
[0.258532,0.0562847,-0.0752774] [-0.048391,-0.0758329,-0.0372183]
[0.449575,0.227207,-0.0302789] [-0.017183,0.0296527,-0.0199509]
[0.274887,0.143519,-0.0233895] [-0.0110184,0.0382071,-0.0180151]
[-0.30411,0.237276,-0.0662357] [0.0294863,-0.0303041,-0.0209586]
[0.0963121,-0.154883,0.0787182] [-0.0358162,0.050824,-0.0258848]
[-0.26619,-0.198162,-0.0661272] [-0.00496848,0.000815787,0.0307646]
0
50
[-0.499163,-0.18346,0.0591885] [0.00843515,0.00549417,-0.0283447]
[-0.447806,0.0876998,0.0458166] [0.0226823,-0.00943016,0.00868838]
[0.330771,-0.2303,-0.120001] [-0.00390926,0.0127149,-0.0509122]
[-0.111721,-0.218688,-0.0141335] [0.0349879,-0.0261361,0.0371511]
[0.347614,0.0117441,-0.10169] [0.00437157,-0.0113298,-0.00970389]
[0.404429,0.136094,-0.0636461] [-0.0290157,0.0340403,-0.0311418]
[0.130445,0.122693,0.120213] [-0.0133077,-0.0389018,-0.0399596]
[0.211454,0.128019,0.0435389] [-0.0816447,0.00501132,0.030546]
[-0.228932,-0.0357653,0.0631856] [-0.0142429,-0.0224539,-0.0192596]
[-0.134855,-0.15629,-0.0087972] [0.0335424,0.0768358,-0.0259113]
[0.405673,0.0147788,0.00704737] [0.0179746,0.0887246,0.0281122]
[-0.241175,-0.205001,0.111003] [-0.0447025,-0.00370583,-0.00177473]
[-0.221302,0.214221,-0.000603171] [0.018462,0.043867,-0.0502696]
[0.254637,0.13007,0.0918191] [-0.0442998,-0.019953,0.0856648]
[0.374083,0.0728707,0.0684532] [0.0429377,0.0480648,0.0677206]
[-0.266751,-0.0935612,-0.0309272] [-0.000101005,0.0260658,0.0397502]
[-0.0910306,0.168434,-0.0579149] [-0.0249814,-0.0254962,-0.000201319]
[-0.210583,-0.154804,-0.0962581] [0.0165842,0.0398697,-0.0659238]
[0.038394,3.58815e-05,0.120064] [0.0227762,0.00432742,0.036251]
[0.118728,0.173217,-0.0950943] 
